#-----------------------------------------------------------
# Vivado v2016.4 (64-bit)
# SW Build 1756540 on Mon Jan 23 19:11:23 MST 2017
# IP Build 1755317 on Mon Jan 23 20:30:07 MST 2017
# Start of session at: Sun May 01 17:00:20 2022
# Process ID: 14668
# Current directory: C:/Users/Vlad Ursache/OneDrive - Technical University of Cluj-Napoca/Desktop/22/AC/Laburi/MIPS2
# Command line: vivado.exe -gui_launcher_event rodinguilauncherevent7900 C:\Users\Vlad Ursache\OneDrive - Technical University of Cluj-Napoca\Desktop\22\AC\Laburi\MIPS2\MIPS2.xpr
# Log file: C:/Users/Vlad Ursache/OneDrive - Technical University of Cluj-Napoca/Desktop/22/AC/Laburi/MIPS2/vivado.log
# Journal file: C:/Users/Vlad Ursache/OneDrive - Technical University of Cluj-Napoca/Desktop/22/AC/Laburi/MIPS2\vivado.jou
#-----------------------------------------------------------
start_gui
open_project {C:/Users/Vlad Ursache/OneDrive - Technical University of Cluj-Napoca/Desktop/22/AC/Laburi/MIPS2/MIPS2.xpr}
INFO: [ProjectBase 1-489] The host OS only allows 260 characters in a normal path. The project is stored in a path with more than 80 characters. If you experience issues with IP, Block Designs, or files not being found, please consider moving the project to a location with a shorter path. Alternately consider using the OS subst command to map part of the path to a drive letter.
Current project path is 'C:/Users/Vlad Ursache/OneDrive - Technical University of Cluj-Napoca/Desktop/22/AC/Laburi/MIPS2'
INFO: [Project 1-313] Project file moved from 'C:/Users/Vlad Ursache/MIPS2' since last save.
Scanning sources...
Finished scanning sources
INFO: [IP_Flow 19-234] Refreshing IP repositories
INFO: [IP_Flow 19-1704] No user IP repositories specified
INFO: [IP_Flow 19-2313] Loaded Vivado IP repository 'C:/Xilinx/Vivado/2016.4/data/ip'.
exit
INFO: [Common 17-206] Exiting Vivado at Sun May 01 19:02:17 2022...
